<?xml version="1.0" encoding="UTF-8"?>
<!-- Generated by org.testng.reporters.JUnitReportReporter -->
<testsuite skipped="0" hostname="DESKTOP-TSU97K6" name="tests.CartPageTest" tests="7" failures="0" timestamp="2021-05-23T07:30:53 EET" time="1.649" errors="0">
  <testcase name="SuccessLogin" time="0.534" classname="tests.CartPageTest"/>
  <system-out/>
  <testcase name="AddItemUpdateCartbadge" time="0.308" classname="tests.CartPageTest"/>
  <system-out/>
  <testcase name="OpenCartPage" time="0.092" classname="tests.CartPageTest"/>
  <system-out/>
  <testcase name="UpdateQty" time="0.045" classname="tests.CartPageTest"/>
  <system-out/>
  <testcase name="CheckRemoveItems" time="0.232" classname="tests.CartPageTest"/>
  <system-out/>
  <testcase name="CheckContinueShopping" time="0.091" classname="tests.CartPageTest"/>
  <system-out/>
  <testcase name="ProceedToCheckoutFromCartPage" time="0.347" classname="tests.CartPageTest"/>
  <system-out/>
</testsuite> <!-- tests.CartPageTest -->
