<?xml version="1.0" encoding="UTF-8"?>
<!-- Generated by org.testng.reporters.JUnitReportReporter -->
<testsuite skipped="0" hostname="DESKTOP-TSU97K6" name="tests.AddProductToShoppingCartTest" tests="6" failures="0" timestamp="2021-05-23T03:15:29 EET" time="0.880" errors="0">
  <testcase name="SuccessLogin" time="0.357" classname="tests.AddProductToShoppingCartTest"/>
  <system-out/>
  <testcase name="AddItemUpdateCartbadge" time="0.158" classname="tests.AddProductToShoppingCartTest"/>
  <system-out/>
  <testcase name="OpenCartPage" time="0.065" classname="tests.AddProductToShoppingCartTest"/>
  <system-out/>
  <testcase name="UpdateQty" time="0.057" classname="tests.AddProductToShoppingCartTest"/>
  <system-out/>
  <testcase name="CheckRemoveItems" time="0.180" classname="tests.AddProductToShoppingCartTest"/>
  <system-out/>
  <testcase name="CheckContinueShopping" time="0.063" classname="tests.AddProductToShoppingCartTest"/>
  <system-out/>
</testsuite> <!-- tests.AddProductToShoppingCartTest -->
