<?xml version="1.0" encoding="UTF-8"?>
<!-- Generated by org.testng.reporters.JUnitReportReporter -->
<testsuite skipped="0" hostname="DESKTOP-TSU97K6" name="tests.CheckoutInfoTest" tests="8" failures="0" timestamp="2021-05-23T07:31:18 EET" time="3.336" errors="0">
  <testcase name="SuccessLogin" time="0.591" classname="tests.CheckoutInfoTest"/>
  <system-out/>
  <testcase name="AddItemUpdateCartbadge" time="0.355" classname="tests.CheckoutInfoTest"/>
  <system-out/>
  <testcase name="OpenCartPage" time="0.106" classname="tests.CheckoutInfoTest"/>
  <system-out/>
  <testcase name="FirstNameISRequired" time="0.588" classname="tests.CheckoutInfoTest"/>
  <system-out/>
  <testcase name="CheckCancelChkoutInfo" time="0.088" classname="tests.CheckoutInfoTest"/>
  <system-out/>
  <testcase name="LastNameISRequired" time="0.498" classname="tests.CheckoutInfoTest"/>
  <system-out/>
  <testcase name="PostalCodeISRequired" time="0.665" classname="tests.CheckoutInfoTest"/>
  <system-out/>
  <testcase name="ProceedToCheckoutOverviewPage" time="0.445" classname="tests.CheckoutInfoTest"/>
  <system-out/>
</testsuite> <!-- tests.CheckoutInfoTest -->
