<?xml version="1.0" encoding="UTF-8"?>
<!-- Generated by org.testng.reporters.JUnitReportReporter -->
<testsuite skipped="1" hostname="DESKTOP-TSU97K6" name="tests.CheckoutOverviewTest" tests="11" failures="0" timestamp="2021-05-23T07:31:39 EET" time="2.176" errors="0">
  <testcase name="SuccessLogin" time="0.547" classname="tests.CheckoutOverviewTest"/>
  <system-out/>
  <testcase name="AddItemUpdateCartbadge" time="0.235" classname="tests.CheckoutOverviewTest"/>
  <system-out/>
  <testcase name="OpenCartPage" time="0.120" classname="tests.CheckoutOverviewTest"/>
  <system-out/>
  <testcase name="ProceedToCheckoutInfo" time="0.103" classname="tests.CheckoutOverviewTest"/>
  <system-out/>
  <testcase name="ProceedToCheckoutOverview" time="0.559" classname="tests.CheckoutOverviewTest"/>
  <system-out/>
  <testcase name="CheckPaymentInfo" time="0.041" classname="tests.CheckoutOverviewTest"/>
  <system-out/>
  <testcase name="CheckShippingInfo" time="0.029" classname="tests.CheckoutOverviewTest"/>
  <system-out/>
  <testcase name="CheckTax" time="0.029" classname="tests.CheckoutOverviewTest"/>
  <system-out/>
  <testcase name="CheckCancelingCheckout" time="0.103" classname="tests.CheckoutOverviewTest"/>
  <system-out/>
  <testcase name="CheckFinishCheckout" time="0.410" classname="tests.CheckoutOverviewTest"/>
  <system-out/>
  <testcase name="CheckTotalCost" classname="tests.CheckoutOverviewTest">
    <skipped/>
  </testcase> <!-- CheckTotalCost -->
  <system-out/>
</testsuite> <!-- tests.CheckoutOverviewTest -->
