<?xml version="1.0" encoding="UTF-8"?>
<!-- Generated by org.testng.reporters.JUnitReportReporter -->
<testsuite skipped="0" hostname="DESKTOP-TSU97K6" name="tests.UserLoginTest" tests="7" failures="0" timestamp="2021-05-25T15:53:23 EET" time="3.551" errors="0">
  <testcase name="SuccessLogin" time="0.474" classname="tests.UserLoginTest"/>
  <system-out/>
  <testcase name="LoggedUserCanLogout" time="0.413" classname="tests.UserLoginTest"/>
  <system-out/>
  <testcase name="passwordShouldBeRequired" time="0.493" classname="tests.UserLoginTest"/>
  <system-out/>
  <testcase name="lockedUser" time="0.604" classname="tests.UserLoginTest"/>
  <system-out/>
  <testcase name="userNameShouldBeRequired" time="0.478" classname="tests.UserLoginTest"/>
  <system-out/>
  <testcase name="incorrectPassword" time="0.688" classname="tests.UserLoginTest"/>
  <system-out/>
  <testcase name="LoginWithEmptyAcess" time="0.401" classname="tests.UserLoginTest"/>
  <system-out/>
</testsuite> <!-- tests.UserLoginTest -->
