<?xml version="1.0" encoding="UTF-8"?>
<!-- Generated by org.testng.reporters.JUnitReportReporter -->
<testsuite skipped="0" hostname="DESKTOP-TSU97K6" name="tests.CartPageTest" tests="7" failures="0" timestamp="2021-05-25T15:53:23 EET" time="1.903" errors="0">
  <testcase name="SuccessLogin" time="0.596" classname="tests.CartPageTest"/>
  <system-out/>
  <testcase name="AddItemUpdateCartbadge" time="0.399" classname="tests.CartPageTest"/>
  <system-out/>
  <testcase name="OpenCartPage" time="0.146" classname="tests.CartPageTest"/>
  <system-out/>
  <testcase name="UpdateQty" time="0.082" classname="tests.CartPageTest"/>
  <system-out/>
  <testcase name="CheckRemoveItems" time="0.296" classname="tests.CartPageTest"/>
  <system-out/>
  <testcase name="CheckContinueShopping" time="0.093" classname="tests.CartPageTest"/>
  <system-out/>
  <testcase name="ProceedToCheckoutFromCartPage" time="0.291" classname="tests.CartPageTest"/>
  <system-out/>
</testsuite> <!-- tests.CartPageTest -->
