<?xml version="1.0" encoding="UTF-8"?>
<!-- Generated by org.testng.reporters.JUnitReportReporter -->
<testsuite skipped="0" hostname="DESKTOP-TSU97K6" name="tests.CheckoutInfoTest" tests="5" failures="0" timestamp="2021-05-25T15:53:23 EET" time="1.833" errors="0">
  <testcase name="FirstNameISRequired" time="0.398" classname="tests.CheckoutInfoTest"/>
  <system-out/>
  <testcase name="CheckCancelChkoutInfo" time="0.081" classname="tests.CheckoutInfoTest"/>
  <system-out/>
  <testcase name="LastNameISRequired" time="0.378" classname="tests.CheckoutInfoTest"/>
  <system-out/>
  <testcase name="PostalCodeISRequired" time="0.558" classname="tests.CheckoutInfoTest"/>
  <system-out/>
  <testcase name="ProceedToCheckoutOverviewPage" time="0.418" classname="tests.CheckoutInfoTest"/>
  <system-out/>
</testsuite> <!-- tests.CheckoutInfoTest -->
