<?xml version="1.0" encoding="UTF-8"?>
<!-- Generated by org.testng.reporters.JUnitReportReporter -->
<testsuite skipped="0" hostname="DESKTOP-TSU97K6" name="tests.UserLoginTest" tests="7" failures="0" timestamp="2021-05-23T07:30:33 EET" time="2.368" errors="0">
  <testcase name="SuccessLogin" time="0.355" classname="tests.UserLoginTest"/>
  <system-out/>
  <testcase name="LoggedUserCanLogout" time="0.283" classname="tests.UserLoginTest"/>
  <system-out/>
  <testcase name="passwordShouldBeRequired" time="0.298" classname="tests.UserLoginTest"/>
  <system-out/>
  <testcase name="lockedUser" time="0.408" classname="tests.UserLoginTest"/>
  <system-out/>
  <testcase name="userNameShouldBeRequired" time="0.380" classname="tests.UserLoginTest"/>
  <system-out/>
  <testcase name="incorrectPassword" time="0.383" classname="tests.UserLoginTest"/>
  <system-out/>
  <testcase name="LoginWithEmptyAcess" time="0.261" classname="tests.UserLoginTest"/>
  <system-out/>
</testsuite> <!-- tests.UserLoginTest -->
