<?xml version="1.0" encoding="UTF-8"?>
<!-- Generated by org.testng.reporters.JUnitReportReporter -->
<testsuite skipped="1" hostname="DESKTOP-TSU97K6" name="tests.CheckoutOverviewTest" tests="6" failures="0" timestamp="2021-05-25T15:53:23 EET" time="0.301" errors="0">
  <testcase name="CheckPaymentInfo" time="0.034" classname="tests.CheckoutOverviewTest"/>
  <system-out/>
  <testcase name="CheckShippingInfo" time="0.029" classname="tests.CheckoutOverviewTest"/>
  <system-out/>
  <testcase name="CheckTax" time="0.032" classname="tests.CheckoutOverviewTest"/>
  <system-out/>
  <testcase name="CheckCancelingCheckout" time="0.079" classname="tests.CheckoutOverviewTest"/>
  <system-out/>
  <testcase name="CheckFinishCheckout" time="0.127" classname="tests.CheckoutOverviewTest"/>
  <system-out/>
  <testcase name="CheckTotalCost" classname="tests.CheckoutOverviewTest">
    <skipped/>
  </testcase> <!-- CheckTotalCost -->
  <system-out/>
</testsuite> <!-- tests.CheckoutOverviewTest -->
